<?xml version="1.0" encoding="UTF-8"?>
<testsuite name="LoginTest" tests="1" skipped="0" failures="0" errors="0" timestamp="2021-11-23T00:01:31" hostname="DESKTOP-54RTLG0" time="6.38">
  <properties/>
  <testcase name="imageVerify" classname="LoginTest" time="6.38"/>
  <system-out><![CDATA[Buy iPhone 13 and iPhone 13 mini - Apple
Image url: https://store.storeimages.cdn-apple.com/4982/as-images.apple.com/is/iphone-13-family-select-2021?wid=940&hei=1112&fmt=jpeg&qlt=80&.v=1629842667000
Image info: iphone-13-family-select-2021?wid=940&hei=1112&fmt=jpeg&qlt=80&.v=1629842667000
]]></system-out>
  <system-err><![CDATA[Starting ChromeDriver 96.0.4664.45 (76e4c1bb2ab4671b8beba3444e61c0f17584b2fc-refs/branch-heads/4664@{#947}) on port 24894
Only local connections are allowed.
Please see https://chromedriver.chromium.org/security-considerations for suggestions on keeping ChromeDriver safe.
ChromeDriver was started successfully.
Nov 22, 2021 4:01:32 PM org.openqa.selenium.remote.ProtocolHandshake createSession
INFO: Detected dialect: W3C
]]></system-err>
</testsuite>
